<?xml version="1.0" encoding="UTF-8"?>
<testsuite xmlns:xsi="http://www.w3.org/2001/XMLSchema-instance" xsi:noNamespaceSchemaLocation="https://maven.apache.org/surefire/maven-surefire-plugin/xsd/surefire-test-report-3.0.xsd" version="3.0" name="AppTest" time="9.086" tests="4" errors="0" skipped="0" failures="0">
  <properties>
[...]
</properties>
  <testcase name="passwordInitiallyEmpty(FxRobot)" classname="AppTest" time="4.843">
    <system-err><![CDATA[Jul 29, 2026 10:44:50 PM com.sun.javafx.application.PlatformImpl startup
WARNING: Unsupported JavaFX configuration: classes were loaded from 'unnamed module @1d8d30f7'
]]></system-err>
  </testcase>
  <testcase name="loginButtonExists(FxRobot)" classname="AppTest" time="0.41"/>
  <testcase name="wrongLoginShowsError(FxRobot)" classname="AppTest" time="3.37">
    <system-out><![CDATA[[FailCounterThread] Recording failed attempt for: wrong@email.com
]]></system-out>
  </testcase>
  <testcase name="usernameInitiallyEmpty(FxRobot)" classname="AppTest" time="0.409"/>
</testsuite>